[18-Jan-2025 11:33:25 UTC] PHP Warning:  Module "ftp" is already loaded in Unknown on line 0
[18-Jan-2025 09:43:50 America/Sao_Paulo] PHP Warning:  Undefined variable $base in /var/www/html/index.php on line 85
[18-Jan-2025 10:52:46 America/Sao_Paulo] PHP Warning:  include(inc/diario.php): Failed to open stream: No such file or directory in /var/www/html/index.php on line 245
[18-Jan-2025 10:52:46 America/Sao_Paulo] PHP Warning:  include(): Failed opening 'inc/diario.php' for inclusion (include_path='.:/usr/local/lib/php') in /var/www/html/index.php on line 245
[18-Jan-2025 10:55:41 America/Sao_Paulo] PHP Warning:  Undefined variable $op_estagio in /var/www/html/inc/meta.php on line 39
[18-Jan-2025 10:58:41 America/Sao_Paulo] PHP Warning:  Undefined variable $op_estagio in /var/www/html/inc/meta.php on line 39
[18-Jan-2025 10:59:10 America/Sao_Paulo] PHP Warning:  Undefined variable $op_estagio in /var/www/html/inc/meta.php on line 39
[18-Jan-2025 11:21:41 America/Sao_Paulo] PHP Warning:  Undefined variable $op_estagio in /var/www/html/inc/meta.php on line 39
[18-Jan-2025 11:22:05 America/Sao_Paulo] PHP Warning:  Undefined variable $logado_id in /var/www/html/index.php on line 166
[18-Jan-2025 11:23:13 America/Sao_Paulo] PHP Warning:  Undefined variable $op_estagio in /var/www/html/inc/meta.php on line 39
[18-Jan-2025 11:23:27 America/Sao_Paulo] PHP Warning:  Undefined variable $logado_id in /var/www/html/index.php on line 166
[18-Jan-2025 11:24:39 America/Sao_Paulo] PHP Warning:  Undefined variable $logado_id in /var/www/html/index.php on line 166
[18-Jan-2025 11:26:40 America/Sao_Paulo] PHP Warning:  Undefined variable $logado_id in /var/www/html/index.php on line 166
[18-Jan-2025 11:26:40 America/Sao_Paulo] PHP Warning:  Undefined variable $logado_id in /var/www/html/index.php on line 167
[18-Jan-2025 11:27:38 America/Sao_Paulo] PHP Warning:  Undefined variable $op_estagio in /var/www/html/inc/meta.php on line 39
[18-Jan-2025 11:27:49 America/Sao_Paulo] PHP Warning:  Undefined variable $logado_id in /var/www/html/index.php on line 166
[18-Jan-2025 11:27:49 America/Sao_Paulo] PHP Warning:  Undefined variable $logado_id in /var/www/html/index.php on line 167
[18-Jan-2025 11:28:39 America/Sao_Paulo] PHP Parse error:  syntax error, unexpected variable "$logado_id", expecting "," or ";" in /var/www/html/index.php on line 241
[18-Jan-2025 11:29:26 America/Sao_Paulo] PHP Warning:  Undefined variable $op_estagio in /var/www/html/inc/meta.php on line 39
[18-Jan-2025 11:33:05 America/Sao_Paulo] PHP Warning:  Undefined variable $op_estagio in /var/www/html/inc/meta.php on line 39
[18-Jan-2025 11:34:28 America/Sao_Paulo] PHP Warning:  Trying to access array offset on value of type bool in /var/www/html/index.php on line 129
[18-Jan-2025 11:34:28 America/Sao_Paulo] PHP Warning:  Trying to access array offset on value of type null in /var/www/html/index.php on line 129
[18-Jan-2025 11:34:28 America/Sao_Paulo] PHP Warning:  Trying to access array offset on value of type bool in /var/www/html/index.php on line 130
[18-Jan-2025 11:34:28 America/Sao_Paulo] PHP Warning:  Trying to access array offset on value of type null in /var/www/html/index.php on line 130
[18-Jan-2025 11:34:28 America/Sao_Paulo] PHP Warning:  Undefined array key "" in /var/www/html/inc/diario.php on line 107
[18-Jan-2025 11:42:32 America/Sao_Paulo] PHP Warning:  Undefined variable $csrf_token2 in /var/www/html/index.php on line 142
[18-Jan-2025 11:43:39 America/Sao_Paulo] PHP Warning:  Undefined variable $op_estagio in /var/www/html/inc/meta.php on line 39
[19-Jan-2025 19:49:20 America/Sao_Paulo] PHP Warning:  Undefined variable $op_estagio in /var/www/html/inc/meta.php on line 39
[19-Jan-2025 19:57:00 America/Sao_Paulo] PHP Warning:  include(inc/meta): Failed to open stream: No such file or directory in /var/www/html/index.php on line 256
[19-Jan-2025 19:57:00 America/Sao_Paulo] PHP Warning:  include(): Failed opening 'inc/meta' for inclusion (include_path='.:/usr/local/lib/php') in /var/www/html/index.php on line 256
[19-Jan-2025 19:59:36 America/Sao_Paulo] PHP Warning:  Undefined variable $op_estagio in /var/www/html/inc/meta.php on line 39
[19-Jan-2025 19:59:46 America/Sao_Paulo] PHP Warning:  Undefined variable $op_estagio in /var/www/html/inc/meta.php on line 39
[19-Jan-2025 22:01:09 America/Sao_Paulo] PHP Warning:  Undefined variable $op_estagio in /var/www/html/inc/meta.php on line 39
[19-Jan-2025 22:02:30 America/Sao_Paulo] PHP Warning:  Undefined variable $op_estagio in /var/www/html/inc/meta.php on line 39
[19-Jan-2025 22:02:45 America/Sao_Paulo] PHP Warning:  Undefined variable $op_estagio in /var/www/html/inc/meta.php on line 39
[19-Jan-2025 22:28:07 America/Sao_Paulo] PHP Warning:  Undefined variable $op_estagio in /var/www/html/inc/meta.php on line 39
[20-Jan-2025 18:32:10 America/Sao_Paulo] PHP Warning:  Undefined variable $op_estagio in /var/www/html/inc/meta.php on line 39
[20-Jan-2025 19:02:39 America/Sao_Paulo] PHP Warning:  foreach() argument must be of type array|object, bool given in /var/www/html/inc/login.php on line 13
[20-Jan-2025 19:03:55 America/Sao_Paulo] PHP Warning:  foreach() argument must be of type array|object, bool given in /var/www/html/inc/login.php on line 13
[20-Jan-2025 19:24:47 America/Sao_Paulo] PHP Warning:  Undefined array key "disc" in /var/www/html/index.php on line 82
[20-Jan-2025 19:24:47 America/Sao_Paulo] PHP Warning:  Undefined variable $id in /var/www/html/index.php on line 85
[20-Jan-2025 19:24:47 America/Sao_Paulo] PHP Warning:  Trying to access array offset on value of type bool in /var/www/html/index.php on line 257
[20-Jan-2025 19:24:47 America/Sao_Paulo] PHP Warning:  Trying to access array offset on value of type null in /var/www/html/index.php on line 257
[20-Jan-2025 19:24:47 America/Sao_Paulo] PHP Warning:  Trying to access array offset on value of type bool in /var/www/html/index.php on line 258
[20-Jan-2025 19:24:47 America/Sao_Paulo] PHP Warning:  Trying to access array offset on value of type null in /var/www/html/index.php on line 258
[20-Jan-2025 19:24:47 America/Sao_Paulo] PHP Warning:  Trying to access array offset on value of type bool in /var/www/html/index.php on line 259
[20-Jan-2025 19:24:47 America/Sao_Paulo] PHP Warning:  Trying to access array offset on value of type null in /var/www/html/index.php on line 259
[20-Jan-2025 19:24:47 America/Sao_Paulo] PHP Warning:  Trying to access array offset on value of type bool in /var/www/html/index.php on line 260
[20-Jan-2025 19:24:47 America/Sao_Paulo] PHP Warning:  Trying to access array offset on value of type null in /var/www/html/index.php on line 260
[20-Jan-2025 19:24:49 America/Sao_Paulo] PHP Warning:  Trying to access array offset on value of type bool in /var/www/html/index.php on line 257
[20-Jan-2025 19:24:49 America/Sao_Paulo] PHP Warning:  Trying to access array offset on value of type null in /var/www/html/index.php on line 257
[20-Jan-2025 19:24:49 America/Sao_Paulo] PHP Warning:  Trying to access array offset on value of type bool in /var/www/html/index.php on line 258
[20-Jan-2025 19:24:49 America/Sao_Paulo] PHP Warning:  Trying to access array offset on value of type null in /var/www/html/index.php on line 258
[20-Jan-2025 19:24:49 America/Sao_Paulo] PHP Warning:  Trying to access array offset on value of type bool in /var/www/html/index.php on line 259
[20-Jan-2025 19:24:49 America/Sao_Paulo] PHP Warning:  Trying to access array offset on value of type null in /var/www/html/index.php on line 259
[20-Jan-2025 19:24:49 America/Sao_Paulo] PHP Warning:  Trying to access array offset on value of type bool in /var/www/html/index.php on line 260
[20-Jan-2025 19:24:49 America/Sao_Paulo] PHP Warning:  Trying to access array offset on value of type null in /var/www/html/index.php on line 260
[20-Jan-2025 19:25:43 America/Sao_Paulo] PHP Warning:  Trying to access array offset on value of type bool in /var/www/html/index.php on line 257
[20-Jan-2025 19:25:43 America/Sao_Paulo] PHP Warning:  Trying to access array offset on value of type null in /var/www/html/index.php on line 257
[20-Jan-2025 19:25:43 America/Sao_Paulo] PHP Warning:  Trying to access array offset on value of type bool in /var/www/html/index.php on line 258
[20-Jan-2025 19:25:43 America/Sao_Paulo] PHP Warning:  Trying to access array offset on value of type null in /var/www/html/index.php on line 258
[20-Jan-2025 19:25:43 America/Sao_Paulo] PHP Warning:  Trying to access array offset on value of type bool in /var/www/html/index.php on line 259
[20-Jan-2025 19:25:43 America/Sao_Paulo] PHP Warning:  Trying to access array offset on value of type null in /var/www/html/index.php on line 259
[20-Jan-2025 19:25:43 America/Sao_Paulo] PHP Warning:  Trying to access array offset on value of type bool in /var/www/html/index.php on line 260
[20-Jan-2025 19:25:43 America/Sao_Paulo] PHP Warning:  Trying to access array offset on value of type null in /var/www/html/index.php on line 260
[20-Jan-2025 19:26:02 America/Sao_Paulo] PHP Fatal error:  Uncaught TypeError: Cannot access offset of type string on string in /var/www/html/index.php:257
Stack trace:
#0 {main}
  thrown in /var/www/html/index.php on line 257
[20-Jan-2025 19:27:16 America/Sao_Paulo] PHP Fatal error:  Uncaught TypeError: Cannot access offset of type string on string in /var/www/html/index.php:257
Stack trace:
#0 {main}
  thrown in /var/www/html/index.php on line 257
[20-Jan-2025 19:27:18 America/Sao_Paulo] PHP Fatal error:  Uncaught TypeError: Cannot access offset of type string on string in /var/www/html/index.php:257
Stack trace:
#0 {main}
  thrown in /var/www/html/index.php on line 257
[20-Jan-2025 19:27:20 America/Sao_Paulo] PHP Fatal error:  Uncaught TypeError: Cannot access offset of type string on string in /var/www/html/index.php:257
Stack trace:
#0 {main}
  thrown in /var/www/html/index.php on line 257
[20-Jan-2025 19:27:27 America/Sao_Paulo] PHP Fatal error:  Uncaught TypeError: Cannot access offset of type string on string in /var/www/html/index.php:257
Stack trace:
#0 {main}
  thrown in /var/www/html/index.php on line 257
[20-Jan-2025 19:27:33 America/Sao_Paulo] PHP Fatal error:  Uncaught TypeError: Cannot access offset of type string on string in /var/www/html/index.php:257
Stack trace:
#0 {main}
  thrown in /var/www/html/index.php on line 257
[20-Jan-2025 19:28:33 America/Sao_Paulo] PHP Fatal error:  Uncaught TypeError: Cannot access offset of type string on string in /var/www/html/index.php:257
Stack trace:
#0 {main}
  thrown in /var/www/html/index.php on line 257
[20-Jan-2025 19:28:34 America/Sao_Paulo] PHP Fatal error:  Uncaught TypeError: Cannot access offset of type string on string in /var/www/html/index.php:257
Stack trace:
#0 {main}
  thrown in /var/www/html/index.php on line 257
[20-Jan-2025 19:28:36 America/Sao_Paulo] PHP Fatal error:  Uncaught TypeError: Cannot access offset of type string on string in /var/www/html/index.php:257
Stack trace:
#0 {main}
  thrown in /var/www/html/index.php on line 257
[20-Jan-2025 19:28:37 America/Sao_Paulo] PHP Fatal error:  Uncaught TypeError: Cannot access offset of type string on string in /var/www/html/index.php:257
Stack trace:
#0 {main}
  thrown in /var/www/html/index.php on line 257
[20-Jan-2025 19:29:05 America/Sao_Paulo] PHP Fatal error:  Uncaught TypeError: Cannot access offset of type string on string in /var/www/html/index.php:257
Stack trace:
#0 {main}
  thrown in /var/www/html/index.php on line 257
[20-Jan-2025 19:29:07 America/Sao_Paulo] PHP Fatal error:  Uncaught TypeError: Cannot access offset of type string on string in /var/www/html/index.php:257
Stack trace:
#0 {main}
  thrown in /var/www/html/index.php on line 257
[20-Jan-2025 19:29:07 America/Sao_Paulo] PHP Fatal error:  Uncaught TypeError: Cannot access offset of type string on string in /var/www/html/index.php:257
Stack trace:
#0 {main}
  thrown in /var/www/html/index.php on line 257
[20-Jan-2025 19:29:12 America/Sao_Paulo] PHP Fatal error:  Uncaught TypeError: Cannot access offset of type string on string in /var/www/html/index.php:257
Stack trace:
#0 {main}
  thrown in /var/www/html/index.php on line 257
[20-Jan-2025 19:29:13 America/Sao_Paulo] PHP Fatal error:  Uncaught TypeError: Cannot access offset of type string on string in /var/www/html/index.php:257
Stack trace:
#0 {main}
  thrown in /var/www/html/index.php on line 257
[20-Jan-2025 19:29:14 America/Sao_Paulo] PHP Fatal error:  Uncaught TypeError: Cannot access offset of type string on string in /var/www/html/index.php:257
Stack trace:
#0 {main}
  thrown in /var/www/html/index.php on line 257
[20-Jan-2025 19:33:07 America/Sao_Paulo] PHP Warning:  Undefined variable $id in /var/www/html/index.php on line 85
[20-Jan-2025 19:33:07 America/Sao_Paulo] PHP Fatal error:  Uncaught TypeError: Cannot access offset of type string on string in /var/www/html/index.php:257
Stack trace:
#0 {main}
  thrown in /var/www/html/index.php on line 257
[20-Jan-2025 19:33:22 America/Sao_Paulo] PHP Warning:  Undefined variable $id in /var/www/html/index.php on line 85
[20-Jan-2025 19:33:22 America/Sao_Paulo] PHP Warning:  Undefined array key 0 in /var/www/html/index.php on line 257
[20-Jan-2025 19:33:22 America/Sao_Paulo] PHP Warning:  Trying to access array offset on value of type null in /var/www/html/index.php on line 257
[20-Jan-2025 19:33:22 America/Sao_Paulo] PHP Warning:  Undefined array key 0 in /var/www/html/index.php on line 258
[20-Jan-2025 19:33:22 America/Sao_Paulo] PHP Warning:  Trying to access array offset on value of type null in /var/www/html/index.php on line 258
[20-Jan-2025 19:33:22 America/Sao_Paulo] PHP Warning:  Undefined array key 0 in /var/www/html/index.php on line 259
[20-Jan-2025 19:33:22 America/Sao_Paulo] PHP Warning:  Trying to access array offset on value of type null in /var/www/html/index.php on line 259
[20-Jan-2025 19:33:22 America/Sao_Paulo] PHP Warning:  Undefined array key 0 in /var/www/html/index.php on line 260
[20-Jan-2025 19:33:22 America/Sao_Paulo] PHP Warning:  Trying to access array offset on value of type null in /var/www/html/index.php on line 260
[20-Jan-2025 19:33:26 America/Sao_Paulo] PHP Warning:  Undefined array key 0 in /var/www/html/index.php on line 257
[20-Jan-2025 19:33:26 America/Sao_Paulo] PHP Warning:  Trying to access array offset on value of type null in /var/www/html/index.php on line 257
[20-Jan-2025 19:33:26 America/Sao_Paulo] PHP Warning:  Undefined array key 0 in /var/www/html/index.php on line 258
[20-Jan-2025 19:33:26 America/Sao_Paulo] PHP Warning:  Trying to access array offset on value of type null in /var/www/html/index.php on line 258
[20-Jan-2025 19:33:26 America/Sao_Paulo] PHP Warning:  Undefined array key 0 in /var/www/html/index.php on line 259
[20-Jan-2025 19:33:26 America/Sao_Paulo] PHP Warning:  Trying to access array offset on value of type null in /var/www/html/index.php on line 259
[20-Jan-2025 19:33:26 America/Sao_Paulo] PHP Warning:  Undefined array key 0 in /var/www/html/index.php on line 260
[20-Jan-2025 19:33:26 America/Sao_Paulo] PHP Warning:  Trying to access array offset on value of type null in /var/www/html/index.php on line 260
[20-Jan-2025 19:34:12 America/Sao_Paulo] PHP Warning:  Undefined array key 0 in /var/www/html/index.php on line 257
[20-Jan-2025 19:34:12 America/Sao_Paulo] PHP Warning:  Trying to access array offset on value of type null in /var/www/html/index.php on line 257
[20-Jan-2025 19:34:12 America/Sao_Paulo] PHP Warning:  Undefined array key 0 in /var/www/html/index.php on line 258
[20-Jan-2025 19:34:12 America/Sao_Paulo] PHP Warning:  Trying to access array offset on value of type null in /var/www/html/index.php on line 258
[20-Jan-2025 19:34:12 America/Sao_Paulo] PHP Warning:  Undefined array key 0 in /var/www/html/index.php on line 259
[20-Jan-2025 19:34:12 America/Sao_Paulo] PHP Warning:  Trying to access array offset on value of type null in /var/www/html/index.php on line 259
[20-Jan-2025 19:34:12 America/Sao_Paulo] PHP Warning:  Undefined array key 0 in /var/www/html/index.php on line 260
[20-Jan-2025 19:34:12 America/Sao_Paulo] PHP Warning:  Trying to access array offset on value of type null in /var/www/html/index.php on line 260
[20-Jan-2025 22:16:08 America/Sao_Paulo] PHP Warning:  Undefined variable $id in /var/www/html/index.php on line 85
[20-Jan-2025 22:16:08 America/Sao_Paulo] PHP Fatal error:  Uncaught TypeError: count(): Argument #1 ($value) must be of type Countable|array, bool given in /var/www/html/index.php:95
Stack trace:
#0 {main}
  thrown in /var/www/html/index.php on line 95
[20-Jan-2025 22:18:28 America/Sao_Paulo] PHP Warning:  Undefined variable $id in /var/www/html/index.php on line 85
[20-Jan-2025 22:18:28 America/Sao_Paulo] PHP Fatal error:  Uncaught TypeError: count(): Argument #1 ($value) must be of type Countable|array, bool given in /var/www/html/index.php:96
Stack trace:
#0 {main}
  thrown in /var/www/html/index.php on line 96
[20-Jan-2025 22:19:10 America/Sao_Paulo] PHP Warning:  Undefined variable $id in /var/www/html/index.php on line 85
[20-Jan-2025 22:19:10 America/Sao_Paulo] PHP Warning:  Undefined array key "id" in /var/www/html/index.php on line 98
[20-Jan-2025 22:19:10 America/Sao_Paulo] PHP Fatal error:  Uncaught TypeError: Cannot access offset of type string on string in /var/www/html/index.php:275
Stack trace:
#0 {main}
  thrown in /var/www/html/index.php on line 275
[20-Jan-2025 22:20:04 America/Sao_Paulo] PHP Warning:  Undefined variable $id in /var/www/html/index.php on line 85
[20-Jan-2025 22:20:04 America/Sao_Paulo] PHP Warning:  Undefined array key "id" in /var/www/html/index.php on line 97
[20-Jan-2025 22:20:04 America/Sao_Paulo] PHP Fatal error:  Uncaught TypeError: Cannot access offset of type string on string in /var/www/html/index.php:274
Stack trace:
#0 {main}
  thrown in /var/www/html/index.php on line 274
[20-Jan-2025 22:21:57 America/Sao_Paulo] PHP Warning:  Undefined variable $id in /var/www/html/index.php on line 85
[20-Jan-2025 22:21:57 America/Sao_Paulo] PHP Warning:  Undefined array key "id" in /var/www/html/index.php on line 97
[20-Jan-2025 22:21:57 America/Sao_Paulo] PHP Fatal error:  Uncaught TypeError: Cannot access offset of type string on string in /var/www/html/index.php:274
Stack trace:
#0 {main}
  thrown in /var/www/html/index.php on line 274
[20-Jan-2025 22:22:19 America/Sao_Paulo] PHP Warning:  Undefined variable $id in /var/www/html/index.php on line 85
[20-Jan-2025 22:22:36 America/Sao_Paulo] PHP Warning:  Undefined variable $op_estagio in /var/www/html/inc/meta.php on line 39
[20-Jan-2025 22:23:41 America/Sao_Paulo] PHP Warning:  Undefined variable $id in /var/www/html/index.php on line 85
[20-Jan-2025 22:23:41 America/Sao_Paulo] PHP Warning:  Undefined array key "login_disciplina" in /var/www/html/index.php on line 105
[20-Jan-2025 22:23:41 America/Sao_Paulo] PHP Warning:  Undefined array key "DISCIPLINA" in /var/www/html/index.php on line 271
[20-Jan-2025 22:23:41 America/Sao_Paulo] PHP Fatal error:  Uncaught TypeError: Cannot access offset of type string on string in /var/www/html/index.php:274
Stack trace:
#0 {main}
  thrown in /var/www/html/index.php on line 274
[20-Jan-2025 22:24:17 America/Sao_Paulo] PHP Warning:  Undefined variable $id in /var/www/html/index.php on line 85
[20-Jan-2025 22:24:17 America/Sao_Paulo] PHP Warning:  Undefined array key "DISCIPLINA" in /var/www/html/index.php on line 271
[20-Jan-2025 22:24:17 America/Sao_Paulo] PHP Fatal error:  Uncaught TypeError: Cannot access offset of type string on string in /var/www/html/index.php:274
Stack trace:
#0 {main}
  thrown in /var/www/html/index.php on line 274
[20-Jan-2025 22:24:37 America/Sao_Paulo] PHP Warning:  Undefined variable $id in /var/www/html/index.php on line 85
[20-Jan-2025 22:24:37 America/Sao_Paulo] PHP Warning:  Undefined array key "DISCIPLINA" in /var/www/html/index.php on line 271
[20-Jan-2025 22:24:37 America/Sao_Paulo] PHP Fatal error:  Uncaught TypeError: Cannot access offset of type string on string in /var/www/html/index.php:274
Stack trace:
#0 {main}
  thrown in /var/www/html/index.php on line 274
[20-Jan-2025 22:24:38 America/Sao_Paulo] PHP Warning:  Undefined array key "DISCIPLINA" in /var/www/html/index.php on line 271
[20-Jan-2025 22:24:38 America/Sao_Paulo] PHP Fatal error:  Uncaught TypeError: Cannot access offset of type string on string in /var/www/html/index.php:274
Stack trace:
#0 {main}
  thrown in /var/www/html/index.php on line 274
[20-Jan-2025 22:24:56 America/Sao_Paulo] PHP Warning:  Undefined array key "DISCIPLINA" in /var/www/html/index.php on line 271
[20-Jan-2025 22:24:56 America/Sao_Paulo] PHP Fatal error:  Uncaught TypeError: Cannot access offset of type string on string in /var/www/html/index.php:274
Stack trace:
#0 {main}
  thrown in /var/www/html/index.php on line 274
[20-Jan-2025 22:24:58 America/Sao_Paulo] PHP Warning:  Undefined array key "DISCIPLINA" in /var/www/html/index.php on line 271
[20-Jan-2025 22:24:58 America/Sao_Paulo] PHP Fatal error:  Uncaught TypeError: Cannot access offset of type string on string in /var/www/html/index.php:274
Stack trace:
#0 {main}
  thrown in /var/www/html/index.php on line 274
[20-Jan-2025 22:25:36 America/Sao_Paulo] PHP Warning:  Undefined array key "DISCIPLINA" in /var/www/html/index.php on line 271
[20-Jan-2025 22:25:36 America/Sao_Paulo] PHP Fatal error:  Uncaught TypeError: Cannot access offset of type string on string in /var/www/html/index.php:274
Stack trace:
#0 {main}
  thrown in /var/www/html/index.php on line 274
[20-Jan-2025 22:25:37 America/Sao_Paulo] PHP Warning:  Undefined array key "DISCIPLINA" in /var/www/html/index.php on line 271
[20-Jan-2025 22:25:37 America/Sao_Paulo] PHP Fatal error:  Uncaught TypeError: Cannot access offset of type string on string in /var/www/html/index.php:274
Stack trace:
#0 {main}
  thrown in /var/www/html/index.php on line 274
[20-Jan-2025 22:26:15 America/Sao_Paulo] PHP Warning:  Undefined array key "DISCIPLINA" in /var/www/html/index.php on line 271
[20-Jan-2025 22:26:15 America/Sao_Paulo] PHP Fatal error:  Uncaught TypeError: Cannot access offset of type string on string in /var/www/html/index.php:274
Stack trace:
#0 {main}
  thrown in /var/www/html/index.php on line 274
[20-Jan-2025 22:26:18 America/Sao_Paulo] PHP Warning:  Undefined array key "DISCIPLINA" in /var/www/html/index.php on line 271
[20-Jan-2025 22:26:18 America/Sao_Paulo] PHP Fatal error:  Uncaught TypeError: Cannot access offset of type string on string in /var/www/html/index.php:274
Stack trace:
#0 {main}
  thrown in /var/www/html/index.php on line 274
[20-Jan-2025 22:27:54 America/Sao_Paulo] PHP Warning:  Undefined variable $id in /var/www/html/index.php on line 85
[23-Jan-2025 22:27:23 America/Sao_Paulo] PHP Warning:  Undefined variable $id in /var/www/html/index.php on line 80
[23-Jan-2025 22:27:23 America/Sao_Paulo] PHP Warning:  Undefined array key "DISCIPLINA" in /var/www/html/index.php on line 283
[23-Jan-2025 22:27:23 America/Sao_Paulo] PHP Warning:  Trying to access array offset on value of type null in /var/www/html/index.php on line 283
[23-Jan-2025 22:27:23 America/Sao_Paulo] PHP Warning:  foreach() argument must be of type array|object, bool given in /var/www/html/inc/login_disciplina.php on line 15
[23-Jan-2025 22:28:44 America/Sao_Paulo] PHP Warning:  Undefined array key "DISCIPLINA" in /var/www/html/index.php on line 283
[23-Jan-2025 22:28:44 America/Sao_Paulo] PHP Warning:  Trying to access array offset on value of type null in /var/www/html/index.php on line 283
[23-Jan-2025 22:28:44 America/Sao_Paulo] PHP Warning:  Undefined array key "disc_s" in /var/www/html/inc/login_disciplina.php on line 18
[23-Jan-2025 22:29:12 America/Sao_Paulo] PHP Warning:  Undefined variable $id in /var/www/html/index.php on line 80
[23-Jan-2025 22:29:22 America/Sao_Paulo] PHP Warning:  Undefined variable $id in /var/www/html/index.php on line 80
[23-Jan-2025 22:29:30 America/Sao_Paulo] PHP Warning:  Undefined variable $op_estagio in /var/www/html/inc/meta.php on line 39
[23-Jan-2025 22:30:09 America/Sao_Paulo] PHP Warning:  Undefined array key "D" in /var/www/html/inc/grafico.php on line 206
[23-Jan-2025 22:30:19 America/Sao_Paulo] PHP Warning:  Undefined array key "D" in /var/www/html/inc/grafico.php on line 206
[23-Jan-2025 22:34:02 America/Sao_Paulo] PHP Warning:  Undefined variable $id in /var/www/html/index.php on line 84
[23-Jan-2025 23:01:08 America/Sao_Paulo] PHP Warning:  Undefined variable $id in /var/www/html/index.php on line 84
[23-Jan-2025 23:01:11 America/Sao_Paulo] PHP Warning:  Undefined variable $qtde in /var/www/html/inc/grafico.php on line 180
[23-Jan-2025 23:01:11 America/Sao_Paulo] PHP Fatal error:  Uncaught TypeError: implode(): Argument #1 ($array) must be of type array, string given in /var/www/html/inc/grafico.php:180
Stack trace:
#0 /var/www/html/inc/grafico.php(180): implode(', ', NULL)
#1 /var/www/html/index.php(328): include('/var/www/html/i...')
#2 {main}
  thrown in /var/www/html/inc/grafico.php on line 180
[23-Jan-2025 23:04:36 America/Sao_Paulo] PHP Warning:  Undefined variable $qtde in /var/www/html/inc/grafico.php on line 180
[23-Jan-2025 23:04:36 America/Sao_Paulo] PHP Fatal error:  Uncaught TypeError: implode(): Argument #1 ($array) must be of type array, string given in /var/www/html/inc/grafico.php:180
Stack trace:
#0 /var/www/html/inc/grafico.php(180): implode(', ', NULL)
#1 /var/www/html/index.php(328): include('/var/www/html/i...')
#2 {main}
  thrown in /var/www/html/inc/grafico.php on line 180
[23-Jan-2025 23:04:44 America/Sao_Paulo] PHP Warning:  Undefined variable $qtde in /var/www/html/inc/grafico.php on line 180
[23-Jan-2025 23:04:45 America/Sao_Paulo] PHP Fatal error:  Uncaught TypeError: implode(): Argument #1 ($array) must be of type array, string given in /var/www/html/inc/grafico.php:180
Stack trace:
#0 /var/www/html/inc/grafico.php(180): implode(', ', NULL)
#1 /var/www/html/index.php(328): include('/var/www/html/i...')
#2 {main}
  thrown in /var/www/html/inc/grafico.php on line 180
[23-Jan-2025 23:05:26 America/Sao_Paulo] PHP Warning:  Undefined variable $qt_zeros in /var/www/html/inc/grafico.php on line 403
[23-Jan-2025 23:05:26 America/Sao_Paulo] PHP Warning:  Undefined variable $qt_nzeros in /var/www/html/inc/grafico.php on line 407
[23-Jan-2025 23:07:39 America/Sao_Paulo] PHP Warning:  Undefined variable $qt_zeros in /var/www/html/inc/grafico.php on line 404
[23-Jan-2025 23:07:39 America/Sao_Paulo] PHP Warning:  Undefined variable $qt_nzeros in /var/www/html/inc/grafico.php on line 408
[23-Jan-2025 23:08:30 America/Sao_Paulo] PHP Warning:  Undefined variable $qt_zeros in /var/www/html/inc/grafico.php on line 404
[23-Jan-2025 23:08:30 America/Sao_Paulo] PHP Warning:  Undefined variable $qt_nzeros in /var/www/html/inc/grafico.php on line 408
[23-Jan-2025 23:10:09 America/Sao_Paulo] PHP Warning:  Undefined variable $meses in /var/www/html/inc/grafico.php on line 183
[23-Jan-2025 23:10:09 America/Sao_Paulo] PHP Warning:  Undefined variable $meses in /var/www/html/inc/grafico.php on line 367
[23-Jan-2025 23:10:09 America/Sao_Paulo] PHP Warning:  Undefined variable $qt_zeros in /var/www/html/inc/grafico.php on line 404
[23-Jan-2025 23:10:09 America/Sao_Paulo] PHP Warning:  Undefined variable $qt_nzeros in /var/www/html/inc/grafico.php on line 408
[23-Jan-2025 23:10:09 America/Sao_Paulo] PHP Warning:  Undefined variable $meses in /var/www/html/inc/grafico.php on line 427
[23-Jan-2025 23:10:44 America/Sao_Paulo] PHP Warning:  Undefined variable $qt_zeros in /var/www/html/inc/grafico.php on line 404
[23-Jan-2025 23:10:44 America/Sao_Paulo] PHP Warning:  Undefined variable $qt_nzeros in /var/www/html/inc/grafico.php on line 408
[23-Jan-2025 23:10:57 America/Sao_Paulo] PHP Warning:  Undefined variable $qt_zeros in /var/www/html/inc/grafico.php on line 403
[23-Jan-2025 23:10:57 America/Sao_Paulo] PHP Warning:  Undefined variable $qt_nzeros in /var/www/html/inc/grafico.php on line 407
[23-Jan-2025 23:11:20 America/Sao_Paulo] PHP Warning:  Undefined variable $qtde in /var/www/html/inc/grafico.php on line 180
[23-Jan-2025 23:11:20 America/Sao_Paulo] PHP Fatal error:  Uncaught TypeError: implode(): Argument #1 ($array) must be of type array, string given in /var/www/html/inc/grafico.php:180
Stack trace:
#0 /var/www/html/inc/grafico.php(180): implode(', ', NULL)
#1 /var/www/html/index.php(328): include('/var/www/html/i...')
#2 {main}
  thrown in /var/www/html/inc/grafico.php on line 180
[23-Jan-2025 23:11:50 America/Sao_Paulo] PHP Warning:  Undefined variable $qt_zeros in /var/www/html/inc/grafico.php on line 403
[23-Jan-2025 23:11:50 America/Sao_Paulo] PHP Warning:  Undefined variable $qt_nzeros in /var/www/html/inc/grafico.php on line 407
[23-Jan-2025 23:16:41 America/Sao_Paulo] PHP Warning:  Undefined variable $100, 100, 105, 77, 28 in /var/www/html/inc/grafico.php on line 472
[23-Jan-2025 23:17:50 America/Sao_Paulo] PHP Warning:  Undefined variable $op_estagio in /var/www/html/inc/meta.php on line 39
[23-Jan-2025 23:17:54 America/Sao_Paulo] PHP Warning:  Undefined variable $100, 100, 105, 77, 28 in /var/www/html/inc/grafico.php on line 474
[23-Jan-2025 23:38:03 America/Sao_Paulo] PHP Fatal error:  Uncaught TypeError: PDOStatement::execute(): Argument #1 ($params) must be of type ?array, string given in /var/www/html/config/db_functions.php:384
Stack trace:
#0 /var/www/html/config/db_functions.php(384): PDOStatement->execute('valor')
#1 /var/www/html/inc/grafico.php(18): getSelect('SELECT MAX(`val...', 'valor')
#2 /var/www/html/index.php(328): include('/var/www/html/i...')
#3 {main}
  thrown in /var/www/html/config/db_functions.php on line 384
[28-Jan-2025 07:49:35 America/Sao_Paulo] PHP Warning:  Undefined variable $id in /var/www/html/index.php on line 84
[28-Jan-2025 07:51:40 America/Sao_Paulo] PHP Warning:  Undefined variable $id in /var/www/html/index.php on line 84
[28-Jan-2025 12:57:46 America/Sao_Paulo] PHP Warning:  Undefined variable $id in /var/www/html/index.php on line 84
[28-Jan-2025 12:58:03 America/Sao_Paulo] PHP Warning:  Undefined variable $op_estagio in /var/www/html/inc/meta.php on line 39
